<?xml version="1.0" encoding="UTF-8"?>
<!-- Generated by org.testng.reporters.JUnitXMLReporter -->
<testsuite ignored="0" hostname="Maksuda" failures="0" tests="5" name="Default test" time="29.247" errors="0" timestamp="2024-10-18T00:01:48 EDT">
  <testcase classname="TestRunners.TestRunner" name="Registration" time="1.69"/>
  <testcase classname="TestRunners.TestRunner" name="Login" time="0.962"/>
  <testcase classname="TestRunners.TestRunner" name="Login" time="1.096"/>
  <testcase classname="TestRunners.TestRunner" name="Login" time="0.875"/>
  <testcase classname="TestRunners.TestRunner" name="Flights" time="1.534"/>
</testsuite> <!-- Default test -->
